[23-Nov-2021 13:06:24 Europe/Madrid] Fallo en request a API: Client error: `POST https://api2.trackitsuite.com/api/v2/registrations` resulted in a `403 Forbidden` response:
{
    "message": "Inscripci\u00f3n duplicada, el email usado ya est\u00e1 registrado en el evento"
}

[23-Nov-2021 13:06:30 Europe/Madrid] Fallo en request a API: Client error: `POST https://api2.trackitsuite.com/api/v2/registrations` resulted in a `403 Forbidden` response:
{
    "message": "Inscripci\u00f3n duplicada, el email usado ya est\u00e1 registrado en el evento"
}

[23-Nov-2021 13:07:04 Europe/Madrid] Fallo en request a API: Client error: `POST https://api2.trackitsuite.com/api/v2/registrations` resulted in a `403 Forbidden` response:
{
    "message": "Inscripci\u00f3n duplicada, el email usado ya est\u00e1 registrado en el evento"
}

[23-Nov-2021 13:07:06 Europe/Madrid] Fallo en request a API: Client error: `POST https://api2.trackitsuite.com/api/v2/registrations` resulted in a `403 Forbidden` response:
{
    "message": "Inscripci\u00f3n duplicada, el email usado ya est\u00e1 registrado en el evento"
}

[23-Nov-2021 13:07:34 Europe/Madrid] Fallo en request a API: Client error: `POST https://api2.trackitsuite.com/api/v2/registrations` resulted in a `403 Forbidden` response:
{
    "message": "Inscripci\u00f3n duplicada, el email usado ya est\u00e1 registrado en el evento"
}

[23-Nov-2021 13:07:35 Europe/Madrid] Fallo en request a API: Client error: `POST https://api2.trackitsuite.com/api/v2/registrations` resulted in a `403 Forbidden` response:
{
    "message": "Inscripci\u00f3n duplicada, el email usado ya est\u00e1 registrado en el evento"
}

[23-Nov-2021 13:07:49 Europe/Madrid] Fallo en request a API: Client error: `POST https://api2.trackitsuite.com/api/v2/registrations` resulted in a `403 Forbidden` response:
{
    "message": "Inscripci\u00f3n duplicada, el email usado ya est\u00e1 registrado en el evento"
}

[23-Nov-2021 13:07:50 Europe/Madrid] Fallo en request a API: Client error: `POST https://api2.trackitsuite.com/api/v2/registrations` resulted in a `403 Forbidden` response:
{
    "message": "Inscripci\u00f3n duplicada, el email usado ya est\u00e1 registrado en el evento"
}

[23-Nov-2021 13:08:17 Europe/Madrid] Fallo en request a API: Client error: `POST https://api2.trackitsuite.com/api/v2/registrations` resulted in a `403 Forbidden` response:
{
    "message": "Inscripci\u00f3n duplicada, el email usado ya est\u00e1 registrado en el evento"
}

[23-Nov-2021 13:08:17 Europe/Madrid] Fallo en request a API: Client error: `POST https://api2.trackitsuite.com/api/v2/registrations` resulted in a `403 Forbidden` response:
{
    "message": "Inscripci\u00f3n duplicada, el email usado ya est\u00e1 registrado en el evento"
}

[23-Nov-2021 13:09:18 Europe/Madrid] Fallo en request a API: Client error: `POST https://api2.trackitsuite.com/api/v2/registrations` resulted in a `403 Forbidden` response:
{
    "message": "Inscripci\u00f3n duplicada, el email usado ya est\u00e1 registrado en el evento"
}

[23-Nov-2021 13:09:20 Europe/Madrid] Fallo en request a API: Client error: `POST https://api2.trackitsuite.com/api/v2/registrations` resulted in a `403 Forbidden` response:
{
    "message": "Inscripci\u00f3n duplicada, el email usado ya est\u00e1 registrado en el evento"
}

[23-Nov-2021 13:09:21 Europe/Madrid] Fallo en request a API: Client error: `POST https://api2.trackitsuite.com/api/v2/registrations` resulted in a `403 Forbidden` response:
{
    "message": "Inscripci\u00f3n duplicada, el email usado ya est\u00e1 registrado en el evento"
}

[23-Nov-2021 13:11:14 Europe/Madrid] Fallo en request a API: Client error: `POST https://api2.trackitsuite.com/api/v2/registrations` resulted in a `403 Forbidden` response:
{
    "message": "Inscripci\u00f3n duplicada, el email usado ya est\u00e1 registrado en el evento"
}

[23-Nov-2021 13:11:16 Europe/Madrid] Fallo en request a API: Client error: `POST https://api2.trackitsuite.com/api/v2/registrations` resulted in a `403 Forbidden` response:
{
    "message": "Inscripci\u00f3n duplicada, el email usado ya est\u00e1 registrado en el evento"
}

[23-Nov-2021 13:11:17 Europe/Madrid] Fallo en request a API: Client error: `POST https://api2.trackitsuite.com/api/v2/registrations` resulted in a `403 Forbidden` response:
{
    "message": "Inscripci\u00f3n duplicada, el email usado ya est\u00e1 registrado en el evento"
}

[23-Nov-2021 13:13:02 Europe/Madrid] Fallo en request a API: Client error: `POST https://api2.trackitsuite.com/api/v2/registrations` resulted in a `403 Forbidden` response:
{
    "message": "Inscripci\u00f3n duplicada, el email usado ya est\u00e1 registrado en el evento"
}

[23-Nov-2021 13:13:03 Europe/Madrid] Fallo en request a API: Client error: `POST https://api2.trackitsuite.com/api/v2/registrations` resulted in a `403 Forbidden` response:
{
    "message": "Inscripci\u00f3n duplicada, el email usado ya est\u00e1 registrado en el evento"
}

[23-Nov-2021 13:16:53 Europe/Madrid] Fallo en request a API: Client error: `POST https://api2.trackitsuite.com/api/v2/registrations` resulted in a `403 Forbidden` response:
{
    "message": "Inscripci\u00f3n duplicada, el email usado ya est\u00e1 registrado en el evento"
}

[23-Nov-2021 13:16:54 Europe/Madrid] Fallo en request a API: Client error: `POST https://api2.trackitsuite.com/api/v2/registrations` resulted in a `403 Forbidden` response:
{
    "message": "Inscripci\u00f3n duplicada, el email usado ya est\u00e1 registrado en el evento"
}

[23-Nov-2021 13:16:55 Europe/Madrid] Fallo en request a API: Client error: `POST https://api2.trackitsuite.com/api/v2/registrations` resulted in a `403 Forbidden` response:
{
    "message": "Inscripci\u00f3n duplicada, el email usado ya est\u00e1 registrado en el evento"
}

[23-Nov-2021 16:29:48 Europe/Madrid] PHP Warning:  Invalid argument supplied for foreach() in /home/unidadeditorial/webapps/app-xii-financiero/presencial/send.php on line 96
[23-Nov-2021 16:29:48 Europe/Madrid] PHP Notice:  Undefined variable: res in /home/unidadeditorial/webapps/app-xii-financiero/presencial/send.php on line 120
[23-Nov-2021 16:29:48 Europe/Madrid] Fallo en request a API: Call to a member function getBody() on null
[23-Nov-2021 16:29:53 Europe/Madrid] PHP Warning:  Invalid argument supplied for foreach() in /home/unidadeditorial/webapps/app-xii-financiero/presencial/send.php on line 96
[23-Nov-2021 16:29:53 Europe/Madrid] PHP Notice:  Undefined variable: res in /home/unidadeditorial/webapps/app-xii-financiero/presencial/send.php on line 120
[23-Nov-2021 16:29:53 Europe/Madrid] Fallo en request a API: Call to a member function getBody() on null
[23-Nov-2021 22:37:58 Europe/Madrid] Fallo en request a API: Client error: `POST https://api2.trackitsuite.com/api/v2/registrations` resulted in a `403 Forbidden` response:
{
    "message": "Inscripci\u00f3n duplicada, el email usado ya est\u00e1 registrado en el evento"
}

[23-Nov-2021 22:38:01 Europe/Madrid] Fallo en request a API: Client error: `POST https://api2.trackitsuite.com/api/v2/registrations` resulted in a `403 Forbidden` response:
{
    "message": "Inscripci\u00f3n duplicada, el email usado ya est\u00e1 registrado en el evento"
}

[23-Nov-2021 22:38:19 Europe/Madrid] Fallo en request a API: Client error: `POST https://api2.trackitsuite.com/api/v2/registrations` resulted in a `403 Forbidden` response:
{
    "message": "Inscripci\u00f3n duplicada, el email usado ya est\u00e1 registrado en el evento"
}

